<?xml version="1.0" encoding="UTF-8"?>
<testsuite name="SecretHandshakeSpec" tests="11" skipped="4" failures="0" errors="0" timestamp="2023-07-29T22:27:56" hostname="Hectors-MacBook-Air.local" time="0.081">
  <properties/>
  <testcase name="Wink for 1" classname="SecretHandshakeSpec" time="0.074"/>
  <testcase name="Double blink for 10" classname="SecretHandshakeSpec" time="0.0"/>
  <testcase name="Close your eyes for 100" classname="SecretHandshakeSpec" time="0.0"/>
  <testcase name="Jump for 1000" classname="SecretHandshakeSpec" time="0.0"/>
  <testcase name="Combine two actions" classname="SecretHandshakeSpec" time="0.0"/>
  <testcase name="Reverse two actions" classname="SecretHandshakeSpec" time="0.001"/>
  <testcase name="Reversing one action gives the same action" classname="SecretHandshakeSpec" time="0.0"/>
  <testcase name="Do nothing for zero" classname="SecretHandshakeSpec" time="0.0">
    <skipped/>
  </testcase>
  <testcase name="Reverse all possible actions" classname="SecretHandshakeSpec" time="0.0">
    <skipped/>
  </testcase>
  <testcase name="All possible actions" classname="SecretHandshakeSpec" time="0.0">
    <skipped/>
  </testcase>
  <testcase name="Reversing no actions still gives no actions" classname="SecretHandshakeSpec" time="0.001">
    <skipped/>
  </testcase>
  <system-out><![CDATA[]]></system-out>
  <system-err><![CDATA[]]></system-err>
</testsuite>
