<?xml version="1.0" encoding="UTF-8"?>
<testsuite name="HelloWorldSpec" tests="1" skipped="0" failures="0" errors="0" timestamp="2023-05-14T00:14:21" hostname="Hectors-MacBook-Air.local" time="0.108">
  <properties/>
  <testcase name="Say Hi!" classname="HelloWorldSpec" time="0.108"/>
  <system-out><![CDATA[]]></system-out>
  <system-err><![CDATA[]]></system-err>
</testsuite>
