<?xml version="1.0" encoding="UTF-8"?>
<testsuite name="HammingSpec" tests="9" skipped="8" failures="0" errors="0" timestamp="2023-07-17T15:41:04" hostname="Hectors-MacBook-Air.local" time="0.053">
  <properties/>
  <testcase name="Empty strands" classname="HammingSpec" time="0.049"/>
  <testcase name="Single letter different strands" classname="HammingSpec" time="0.002">
    <skipped/>
  </testcase>
  <testcase name="Long identical strands" classname="HammingSpec" time="0.002">
    <skipped/>
  </testcase>
  <testcase name="Single letter identical strands" classname="HammingSpec" time="0.002">
    <skipped/>
  </testcase>
  <testcase name="Disallow second strand longer" classname="HammingSpec" time="0.0">
    <skipped/>
  </testcase>
  <testcase name="Disallow left empty strand" classname="HammingSpec" time="0.0">
    <skipped/>
  </testcase>
  <testcase name="Long different strands" classname="HammingSpec" time="0.002">
    <skipped/>
  </testcase>
  <testcase name="Disallow first strand longer" classname="HammingSpec" time="0.0">
    <skipped/>
  </testcase>
  <testcase name="Disallow right empty strand" classname="HammingSpec" time="0.0">
    <skipped/>
  </testcase>
  <system-out><![CDATA[]]></system-out>
  <system-err><![CDATA[]]></system-err>
</testsuite>
