<?xml version="1.0" encoding="UTF-8"?>
<testsuite name="HammingSpec" tests="9" skipped="1" failures="0" errors="0" timestamp="2023-07-22T02:04:56" hostname="Hectors-MacBook-Air.local" time="0.085">
  <properties/>
  <testcase name="Empty strands" classname="HammingSpec" time="0.064"/>
  <testcase name="Single letter identical strands" classname="HammingSpec" time="0.002"/>
  <testcase name="Single letter different strands" classname="HammingSpec" time="0.001"/>
  <testcase name="Long identical strands" classname="HammingSpec" time="0.001"/>
  <testcase name="Long different strands" classname="HammingSpec" time="0.0"/>
  <testcase name="Disallow second strand longer" classname="HammingSpec" time="0.01"/>
  <testcase name="Disallow left empty strand" classname="HammingSpec" time="0.001"/>
  <testcase name="Disallow right empty strand" classname="HammingSpec" time="0.0"/>
  <testcase name="Disallow first strand longer" classname="HammingSpec" time="0.013">
    <skipped/>
  </testcase>
  <system-out><![CDATA[]]></system-out>
  <system-err><![CDATA[]]></system-err>
</testsuite>
