<?xml version="1.0" encoding="UTF-8"?>
<testsuite name="HammingSpec" tests="9" skipped="6" failures="1" errors="0" timestamp="2023-07-18T04:17:12" hostname="Hectors-MacBook-Air.local" time="0.169">
  <properties/>
  <testcase name="Empty strands" classname="HammingSpec" time="0.036"/>
  <testcase name="Single letter identical strands" classname="HammingSpec" time="0.0"/>
  <testcase name="Single letter different strands" classname="HammingSpec" time="0.13">
    <failure message="Condition not satisfied:&#10;&#10;hamming.distance(strand1, strand2) == expected&#10;|       |        |        |        |  |&#10;|       false    G        T        |  1&#10;&lt;Hamming@7a8406c2&gt;                 false&#10;" type="org.spockframework.runtime.SpockComparisonFailure">Condition not satisfied:

hamming.distance(strand1, strand2) == expected
|       |        |        |        |  |
|       false    G        T        |  1
&lt;Hamming@7a8406c2&gt;                 false

	at HammingSpec.Single letter different strands(HammingSpec.groovy:28)
</failure>
  </testcase>
  <testcase name="Disallow right empty strand" classname="HammingSpec" time="0.0">
    <skipped/>
  </testcase>
  <testcase name="Disallow second strand longer" classname="HammingSpec" time="0.0">
    <skipped/>
  </testcase>
  <testcase name="Disallow left empty strand" classname="HammingSpec" time="0.0">
    <skipped/>
  </testcase>
  <testcase name="Long different strands" classname="HammingSpec" time="0.0">
    <skipped/>
  </testcase>
  <testcase name="Disallow first strand longer" classname="HammingSpec" time="0.0">
    <skipped/>
  </testcase>
  <testcase name="Long identical strands" classname="HammingSpec" time="0.001">
    <skipped/>
  </testcase>
  <system-out><![CDATA[]]></system-out>
  <system-err><![CDATA[]]></system-err>
</testsuite>
