<?xml version="1.0" encoding="UTF-8"?>
<testsuite name="TwoFerSpec" tests="4" skipped="3" failures="0" errors="0" timestamp="2023-07-17T03:15:13" hostname="Hectors-MacBook-Air.local" time="0.181">
  <properties/>
  <testcase name="No name given" classname="TwoFerSpec" time="0.18"/>
  <testcase name="Another name given" classname="TwoFerSpec" time="0.0">
    <skipped/>
  </testcase>
  <testcase name="A name given" classname="TwoFerSpec" time="0.0">
    <skipped/>
  </testcase>
  <testcase name="Empty name given" classname="TwoFerSpec" time="0.001">
    <skipped/>
  </testcase>
  <system-out><![CDATA[]]></system-out>
  <system-err><![CDATA[]]></system-err>
</testsuite>
