<?xml version="1.0" encoding="UTF-8"?>
<testsuite name="DifferenceOfSquaresSpec" tests="7" skipped="1" failures="0" errors="0" timestamp="2023-07-25T02:24:46" hostname="Hectors-MacBook-Air.local" time="0.12">
  <properties/>
  <testcase name="Can square the sum of the numbers up to 1" classname="DifferenceOfSquaresSpec" time="0.108"/>
  <testcase name="Can square the sum of the numbers up to 5" classname="DifferenceOfSquaresSpec" time="0.001"/>
  <testcase name="Can square the sum of the numbers up to 100" classname="DifferenceOfSquaresSpec" time="0.001"/>
  <testcase name="Can sum the squares up to 1" classname="DifferenceOfSquaresSpec" time="0.001"/>
  <testcase name="Can sum the squares up to 5" classname="DifferenceOfSquaresSpec" time="0.0"/>
  <testcase name="Can sum the squares up to 100" classname="DifferenceOfSquaresSpec" time="0.001"/>
  <testcase name="Can subtract sum of squares from square of sum" classname="DifferenceOfSquaresSpec" time="0.001">
    <skipped/>
  </testcase>
  <system-out><![CDATA[]]></system-out>
  <system-err><![CDATA[]]></system-err>
</testsuite>
