<?xml version="1.0" encoding="UTF-8"?>
<testsuite name="MatrixSpec" tests="8" skipped="3" failures="0" errors="0" timestamp="2023-08-01T04:11:11" hostname="Hectors-MacBook-Air.local" time="0.049">
  <properties/>
  <testcase name="Extract row from one number matrix" classname="MatrixSpec" time="0.045"/>
  <testcase name="Can extract row" classname="MatrixSpec" time="0.001"/>
  <testcase name="Extract row where numbers have different widths" classname="MatrixSpec" time="0.0"/>
  <testcase name="Can extract row from non-square matrix with no corresponding column" classname="MatrixSpec" time="0.0"/>
  <testcase name="Extract column from one number matrix" classname="MatrixSpec" time="0.0"/>
  <testcase name="Can extract column" classname="MatrixSpec" time="0.001">
    <skipped/>
  </testcase>
  <testcase name="Extract column where numbers have different widths" classname="MatrixSpec" time="0.0">
    <skipped/>
  </testcase>
  <testcase name="Can extract column from non-square matrix with no corresponding row" classname="MatrixSpec" time="0.0">
    <skipped/>
  </testcase>
  <system-out><![CDATA[]]></system-out>
  <system-err><![CDATA[]]></system-err>
</testsuite>
