<?xml version="1.0" encoding="UTF-8"?>
<testsuite name="MatrixSpec" tests="8" skipped="0" failures="0" errors="0" timestamp="2023-08-01T04:16:16" hostname="Hectors-MacBook-Air.local" time="0.048">
  <properties/>
  <testcase name="Extract row from one number matrix" classname="MatrixSpec" time="0.041"/>
  <testcase name="Can extract row" classname="MatrixSpec" time="0.0"/>
  <testcase name="Extract row where numbers have different widths" classname="MatrixSpec" time="0.0"/>
  <testcase name="Can extract row from non-square matrix with no corresponding column" classname="MatrixSpec" time="0.0"/>
  <testcase name="Extract column from one number matrix" classname="MatrixSpec" time="0.0"/>
  <testcase name="Can extract column" classname="MatrixSpec" time="0.003"/>
  <testcase name="Can extract column from non-square matrix with no corresponding row" classname="MatrixSpec" time="0.0"/>
  <testcase name="Extract column where numbers have different widths" classname="MatrixSpec" time="0.0"/>
  <system-out><![CDATA[]]></system-out>
  <system-err><![CDATA[]]></system-err>
</testsuite>
