<?xml version="1.0" encoding="UTF-8"?>
<testsuite name="ScrabbleScoreSpec" tests="11" skipped="0" failures="0" errors="0" timestamp="2023-07-24T06:43:07" hostname="Hectors-MacBook-Air.local" time="0.057">
  <properties/>
  <testcase name="Lowercase letter" classname="ScrabbleScoreSpec" time="0.053"/>
  <testcase name="Uppercase letter" classname="ScrabbleScoreSpec" time="0.0"/>
  <testcase name="Valuable letter" classname="ScrabbleScoreSpec" time="0.0"/>
  <testcase name="Empty input" classname="ScrabbleScoreSpec" time="0.0"/>
  <testcase name="Score for word #word should be #expected" classname="ScrabbleScoreSpec" time="0.0"/>
  <testcase name="Score for word #word should be #expected" classname="ScrabbleScoreSpec" time="0.001"/>
  <testcase name="Score for word #word should be #expected" classname="ScrabbleScoreSpec" time="0.0"/>
  <testcase name="Score for word #word should be #expected" classname="ScrabbleScoreSpec" time="0.0"/>
  <testcase name="Score for word #word should be #expected" classname="ScrabbleScoreSpec" time="0.001"/>
  <testcase name="Score for word #word should be #expected" classname="ScrabbleScoreSpec" time="0.0"/>
  <testcase name="Score for word #word should be #expected" classname="ScrabbleScoreSpec" time="0.0"/>
  <system-out><![CDATA[]]></system-out>
  <system-err><![CDATA[]]></system-err>
</testsuite>
