<?xml version="1.0" encoding="UTF-8"?>
<testsuite name="GigasecondSpec" tests="5" skipped="1" failures="1" errors="0" timestamp="2023-07-24T02:55:40" hostname="Hectors-MacBook-Air.local" time="0.139">
  <properties/>
  <testcase name="Date only specification of time" classname="GigasecondSpec" time="0.009"/>
  <testcase name="Second test for date only specification of time" classname="GigasecondSpec" time="0.0"/>
  <testcase name="Third test for date only specification of time" classname="GigasecondSpec" time="0.0"/>
  <testcase name="Full time specified" classname="GigasecondSpec" time="0.126">
    <failure message="Condition failed with Exception:&#10;&#10;Gigasecond.add(moment) == expected&#10;|          |   |&#10;|          |   2015-01-24T22:00&#10;|          groovy.lang.MissingMethodException: No signature of method: static Gigasecond.add() is applicable for argument types: (java.time.LocalDateTime) values: [2015-01-24T22:00]&#10;|          Possible solutions: add(java.time.LocalDate), any(), any(groovy.lang.Closure), wait(), find(), wait(long)&#10;|          &#9;at GigasecondSpec.Full time specified(GigasecondSpec.groovy:38)&#10;class Gigasecond&#10;" type="org.spockframework.runtime.ConditionFailedWithExceptionError">Condition failed with Exception:

Gigasecond.add(moment) == expected
|          |   |
|          |   2015-01-24T22:00
|          groovy.lang.MissingMethodException: No signature of method: static Gigasecond.add() is applicable for argument types: (java.time.LocalDateTime) values: [2015-01-24T22:00]
|          Possible solutions: add(java.time.LocalDate), any(), any(groovy.lang.Closure), wait(), find(), wait(long)
|          	at GigasecondSpec.Full time specified(GigasecondSpec.groovy:38)
class Gigasecond

	at GigasecondSpec.Full time specified(GigasecondSpec.groovy:38)
Caused by: groovy.lang.MissingMethodException: No signature of method: static Gigasecond.add() is applicable for argument types: (java.time.LocalDateTime) values: [2015-01-24T22:00]
Possible solutions: add(java.time.LocalDate), any(), any(groovy.lang.Closure), wait(), find(), wait(long)
	... 1 more
</failure>
  </testcase>
  <testcase name="Full time with day roll-over" classname="GigasecondSpec" time="0.001">
    <skipped/>
  </testcase>
  <system-out><![CDATA[]]></system-out>
  <system-err><![CDATA[]]></system-err>
</testsuite>
